<?xml version="1.0" encoding="UTF-8"?>
<!-- Generated by org.testng.reporters.JUnitReportReporter -->
<testsuite hostname="BLRL79035" name="TestCase.SeleniumTest" tests="1" failures="0" timestamp="15 Mar 2020 12:16:19 GMT" time="0.004" errors="0">
  <testcase name="test" time="0.004" classname="TestCase.SeleniumTest"/>
</testsuite> <!-- TestCase.SeleniumTest -->
