<?xml version="1.0" encoding="UTF-8"?>
<!-- Generated by org.testng.reporters.JUnitReportReporter -->
<testsuite hostname="BLRL79035" name="ClassSetUp.SeleniumTest" tests="1" failures="0" timestamp="15 Mar 2020 11:37:36 GMT" time="0.005" errors="0">
  <testcase name="test" time="0.005" classname="ClassSetUp.SeleniumTest"/>
</testsuite> <!-- ClassSetUp.SeleniumTest -->
